<?xml version="1.0" encoding="UTF-8"?>
<!-- Generated by org.testng.reporters.JUnitXMLReporter -->
<testsuite ignored="1" hostname="SUDHIR" failures="0" tests="2" name="Surefire test" time="17.525" errors="0" timestamp="2024-01-20T00:12:23 IST">
  <testcase classname="project.PostiveScenario.StandaloneTest" name="submitOrderTestCase" time="13.251"/>
  <testcase classname="project.PostiveScenario.StandaloneTest" name="verifyProduct" time="1.637"/>
  <testcase classname="project.ErrorTest.ErrorValidationTestCase" name="errorTestCase" time="0.0">
    <ignored/>
  </testcase> <!-- errorTestCase -->
</testsuite> <!-- Surefire test -->
