<?xml version="1.0" encoding="UTF-8"?>
<!-- Generated by org.testng.reporters.JUnitXMLReporter -->
<testsuite ignored="1" hostname="SUDHIR" failures="0" tests="2" name="Surefire test" time="23.779" errors="0" timestamp="2024-01-20T00:34:22 IST">
  <testcase classname="project.PostiveScenario.StandaloneTest" name="submitOrderTestCase" time="12.519"/>
  <testcase classname="project.PostiveScenario.StandaloneTest" name="verifyProduct" time="3.983"/>
  <testcase classname="project.ErrorTest.ErrorValidationTestCase" name="errorTestCase" time="0.0">
    <ignored/>
  </testcase> <!-- errorTestCase -->
</testsuite> <!-- Surefire test -->
