<?xml version="1.0" encoding="UTF-8"?>
<!-- Generated by org.testng.reporters.JUnitXMLReporter -->
<testsuite ignored="0" hostname="SUDHIR" failures="0" tests="2" name="Test positive scenario" time="18.516" errors="0" timestamp="2024-01-19T22:19:39 IST">
  <testcase classname="project.PostiveScenario.StandaloneTest" name="submitOrderTestCase" time="13.906"/>
  <testcase classname="project.PostiveScenario.StandaloneTest" name="verifyProduct" time="2.364"/>
</testsuite> <!-- Test positive scenario -->
