<?xml version="1.0" encoding="UTF-8"?>
<testng-results ignored="0" total="2" passed="2" failed="0" skipped="0">
  <reporter-output>
  </reporter-output>
  <suite started-at="2024-01-20T00:12:06 IST" name="Surefire suite" finished-at="2024-01-20T00:12:23 IST" duration-ms="17525">
    <groups>
      <group name="purchaseOrder">
        <method signature="StandaloneTest.submitOrderTestCase(java.lang.String,java.lang.String)[pri:0, instance:project.PostiveScenario.StandaloneTest@6e4784bc]" name="submitOrderTestCase" class="project.PostiveScenario.StandaloneTest"/>
        <method signature="StandaloneTest.verifyProduct()[pri:0, instance:project.PostiveScenario.StandaloneTest@6e4784bc]" name="verifyProduct" class="project.PostiveScenario.StandaloneTest"/>
      </group> <!-- purchaseOrder -->
    </groups>
    <test started-at="2024-01-20T00:12:06 IST" name="Surefire test" finished-at="2024-01-20T00:12:23 IST" duration-ms="17525">
      <class name="project.PostiveScenario.StandaloneTest">
        <test-method is-config="true" signature="initializeDriver()[pri:0, instance:project.PostiveScenario.StandaloneTest@6e4784bc]" started-at="2024-01-20T00:12:06 IST" name="initializeDriver" finished-at="2024-01-20T00:12:07 IST" duration-ms="1552" status="PASS">
          <reporter-output>
          </reporter-output>
        </test-method> <!-- initializeDriver -->
        <test-method signature="submitOrderTestCase(java.lang.String,java.lang.String)[pri:0, instance:project.PostiveScenario.StandaloneTest@6e4784bc]" started-at="2024-01-20T00:12:07 IST" name="submitOrderTestCase" data-provider="getData" finished-at="2024-01-20T00:12:20 IST" duration-ms="13251" status="PASS">
          <params>
            <param index="0">
              <value>
                <![CDATA[sudhirgupta606@gmail.com]]>
              </value>
            </param>
            <param index="1">
              <value>
                <![CDATA[Password1$]]>
              </value>
            </param>
          </params>
          <reporter-output>
          </reporter-output>
        </test-method> <!-- submitOrderTestCase -->
        <test-method is-config="true" signature="close()[pri:0, instance:project.PostiveScenario.StandaloneTest@6e4784bc]" started-at="2024-01-20T00:12:20 IST" name="close" finished-at="2024-01-20T00:12:21 IST" duration-ms="106" status="PASS">
          <reporter-output>
          </reporter-output>
        </test-method> <!-- close -->
        <test-method is-config="true" signature="initializeDriver()[pri:0, instance:project.PostiveScenario.StandaloneTest@6e4784bc]" started-at="2024-01-20T00:12:21 IST" name="initializeDriver" finished-at="2024-01-20T00:12:21 IST" duration-ms="849" status="PASS">
          <reporter-output>
          </reporter-output>
        </test-method> <!-- initializeDriver -->
        <test-method signature="verifyProduct()[pri:0, instance:project.PostiveScenario.StandaloneTest@6e4784bc]" started-at="2024-01-20T00:12:21 IST" name="verifyProduct" finished-at="2024-01-20T00:12:23 IST" depends-on-methods="project.PostiveScenario.StandaloneTest.submitOrderTestCase" duration-ms="1637" status="PASS">
          <reporter-output>
          </reporter-output>
        </test-method> <!-- verifyProduct -->
        <test-method is-config="true" signature="close()[pri:0, instance:project.PostiveScenario.StandaloneTest@6e4784bc]" started-at="2024-01-20T00:12:23 IST" name="close" finished-at="2024-01-20T00:12:23 IST" duration-ms="85" status="PASS">
          <reporter-output>
          </reporter-output>
        </test-method> <!-- close -->
      </class> <!-- project.PostiveScenario.StandaloneTest -->
    </test> <!-- Surefire test -->
  </suite> <!-- Surefire suite -->
</testng-results>
