<?xml version="1.0" encoding="UTF-8"?>
<testng-results ignored="0" total="2" passed="2" failed="0" skipped="0">
  <reporter-output>
  </reporter-output>
  <suite started-at="2024-01-20T23:11:14 IST" name="Default suite" finished-at="2024-01-20T23:11:36 IST" duration-ms="21668">
    <groups>
      <group name="purchaseOrder">
        <method signature="StandaloneTest.submitOrderTestCase(java.lang.String,java.lang.String)[pri:0, instance:project.PostiveScenario.StandaloneTest@47eaca72]" name="submitOrderTestCase" class="project.PostiveScenario.StandaloneTest"/>
        <method signature="StandaloneTest.verifyProduct()[pri:0, instance:project.PostiveScenario.StandaloneTest@47eaca72]" name="verifyProduct" class="project.PostiveScenario.StandaloneTest"/>
      </group> <!-- purchaseOrder -->
    </groups>
    <test started-at="2024-01-20T23:11:14 IST" name="Default test" finished-at="2024-01-20T23:11:36 IST" duration-ms="21668">
      <class name="project.PostiveScenario.StandaloneTest">
        <test-method is-config="true" signature="initializeDriver()[pri:0, instance:project.PostiveScenario.StandaloneTest@47eaca72]" started-at="2024-01-20T23:11:15 IST" name="initializeDriver" finished-at="2024-01-20T23:11:16 IST" duration-ms="1770" status="PASS">
          <reporter-output>
          </reporter-output>
        </test-method> <!-- initializeDriver -->
        <test-method signature="submitOrderTestCase(java.lang.String,java.lang.String)[pri:0, instance:project.PostiveScenario.StandaloneTest@47eaca72]" started-at="2024-01-20T23:11:16 IST" name="submitOrderTestCase" data-provider="getData" finished-at="2024-01-20T23:11:30 IST" duration-ms="13862" status="PASS">
          <params>
            <param index="0">
              <value>
                <![CDATA[sudhirgupta606@gmail.com]]>
              </value>
            </param>
            <param index="1">
              <value>
                <![CDATA[Password1$]]>
              </value>
            </param>
          </params>
          <reporter-output>
          </reporter-output>
        </test-method> <!-- submitOrderTestCase -->
        <test-method is-config="true" signature="close()[pri:0, instance:project.PostiveScenario.StandaloneTest@47eaca72]" started-at="2024-01-20T23:11:30 IST" name="close" finished-at="2024-01-20T23:11:30 IST" duration-ms="109" status="PASS">
          <reporter-output>
          </reporter-output>
        </test-method> <!-- close -->
        <test-method is-config="true" signature="initializeDriver()[pri:0, instance:project.PostiveScenario.StandaloneTest@47eaca72]" started-at="2024-01-20T23:11:30 IST" name="initializeDriver" finished-at="2024-01-20T23:11:31 IST" duration-ms="748" status="PASS">
          <reporter-output>
          </reporter-output>
        </test-method> <!-- initializeDriver -->
        <test-method signature="verifyProduct()[pri:0, instance:project.PostiveScenario.StandaloneTest@47eaca72]" started-at="2024-01-20T23:11:31 IST" name="verifyProduct" finished-at="2024-01-20T23:11:36 IST" depends-on-methods="project.PostiveScenario.StandaloneTest.submitOrderTestCase" duration-ms="5072" status="PASS">
          <reporter-output>
          </reporter-output>
        </test-method> <!-- verifyProduct -->
        <test-method is-config="true" signature="close()[pri:0, instance:project.PostiveScenario.StandaloneTest@47eaca72]" started-at="2024-01-20T23:11:36 IST" name="close" finished-at="2024-01-20T23:11:36 IST" duration-ms="69" status="PASS">
          <reporter-output>
          </reporter-output>
        </test-method> <!-- close -->
      </class> <!-- project.PostiveScenario.StandaloneTest -->
    </test> <!-- Default test -->
  </suite> <!-- Default suite -->
</testng-results>
