<?xml version="1.0" encoding="UTF-8"?>
<testng-results ignored="0" total="2" passed="2" failed="0" skipped="0">
  <reporter-output>
  </reporter-output>
  <suite started-at="2024-01-19T22:19:20 IST" name="Suite" finished-at="2024-01-19T22:19:39 IST" duration-ms="18516">
    <groups>
      <group name="purchaseOrder">
        <method signature="StandaloneTest.submitOrderTestCase(java.lang.String,java.lang.String)[pri:0, instance:project.PostiveScenario.StandaloneTest@41330d4f]" name="submitOrderTestCase" class="project.PostiveScenario.StandaloneTest"/>
        <method signature="StandaloneTest.verifyProduct()[pri:0, instance:project.PostiveScenario.StandaloneTest@41330d4f]" name="verifyProduct" class="project.PostiveScenario.StandaloneTest"/>
      </group> <!-- purchaseOrder -->
    </groups>
    <test started-at="2024-01-19T22:19:20 IST" name="Test positive scenario" finished-at="2024-01-19T22:19:39 IST" duration-ms="18516">
      <class name="project.PostiveScenario.StandaloneTest">
        <test-method is-config="true" signature="initializeDriver()[pri:0, instance:project.PostiveScenario.StandaloneTest@41330d4f]" started-at="2024-01-19T22:19:20 IST" name="initializeDriver" finished-at="2024-01-19T22:19:21 IST" duration-ms="1283" status="PASS">
          <reporter-output>
          </reporter-output>
        </test-method> <!-- initializeDriver -->
        <test-method signature="submitOrderTestCase(java.lang.String,java.lang.String)[pri:0, instance:project.PostiveScenario.StandaloneTest@41330d4f]" started-at="2024-01-19T22:19:21 IST" name="submitOrderTestCase" data-provider="getData" finished-at="2024-01-19T22:19:35 IST" duration-ms="13906" status="PASS">
          <params>
            <param index="0">
              <value>
                <![CDATA[sudhirgupta606@gmail.com]]>
              </value>
            </param>
            <param index="1">
              <value>
                <![CDATA[Password1$]]>
              </value>
            </param>
          </params>
          <reporter-output>
          </reporter-output>
        </test-method> <!-- submitOrderTestCase -->
        <test-method is-config="true" signature="close()[pri:0, instance:project.PostiveScenario.StandaloneTest@41330d4f]" started-at="2024-01-19T22:19:35 IST" name="close" finished-at="2024-01-19T22:19:35 IST" duration-ms="108" status="PASS">
          <reporter-output>
          </reporter-output>
        </test-method> <!-- close -->
        <test-method is-config="true" signature="initializeDriver()[pri:0, instance:project.PostiveScenario.StandaloneTest@41330d4f]" started-at="2024-01-19T22:19:35 IST" name="initializeDriver" finished-at="2024-01-19T22:19:36 IST" duration-ms="741" status="PASS">
          <reporter-output>
          </reporter-output>
        </test-method> <!-- initializeDriver -->
        <test-method signature="verifyProduct()[pri:0, instance:project.PostiveScenario.StandaloneTest@41330d4f]" started-at="2024-01-19T22:19:36 IST" name="verifyProduct" finished-at="2024-01-19T22:19:39 IST" depends-on-methods="project.PostiveScenario.StandaloneTest.submitOrderTestCase" duration-ms="2364" status="PASS">
          <reporter-output>
          </reporter-output>
        </test-method> <!-- verifyProduct -->
        <test-method is-config="true" signature="close()[pri:0, instance:project.PostiveScenario.StandaloneTest@41330d4f]" started-at="2024-01-19T22:19:39 IST" name="close" finished-at="2024-01-19T22:19:39 IST" duration-ms="70" status="PASS">
          <reporter-output>
          </reporter-output>
        </test-method> <!-- close -->
      </class> <!-- project.PostiveScenario.StandaloneTest -->
    </test> <!-- Test positive scenario -->
  </suite> <!-- Suite -->
</testng-results>
